<?xml version="1.0" encoding="UTF-8"?>
<!-- Generated by org.testng.reporters.JUnitXMLReporter -->
<testsuite ignored="0" hostname="DESKTOP-6MCP70J" failures="0" tests="3" name="Test" time="23.243" errors="0" timestamp="2021-05-03T10:27:14 IST">
  <testcase classname="AmazonEndTOEnd.Amazon_TC_001" name="Amazon" time="6.711"/>
  <testcase classname="AmazonEndTOEnd.Amazon_TC_001" name="searchItem" time="0.0">
    <skipped/>
  </testcase> <!-- searchItem -->
  <testcase classname="AmazonEndTOEnd.Amazon_TC_001" name="checknoofElements" time="0.31"/>
</testsuite> <!-- Test -->
